<?xml version="1.0" encoding="UTF-8"?>
<testng-results skipped="0" failed="0" ignored="0" total="1" passed="1">
  <reporter-output>
  </reporter-output>
  <suite name="Suite" duration-ms="33027" started-at="2019-01-17T12:28:47Z" finished-at="2019-01-17T12:29:20Z">
    <groups>
    </groups>
    <test name="Test" duration-ms="33027" started-at="2019-01-17T12:28:47Z" finished-at="2019-01-17T12:29:20Z">
      <class name="login.logintest">
        <test-method status="PASS" signature="loginsetup()[pri:0, instance:login.logintest@d8355a8]" name="loginsetup" is-config="true" duration-ms="4965" started-at="2019-01-17T12:28:47Z" finished-at="2019-01-17T12:28:52Z">
          <reporter-output>
          </reporter-output>
        </test-method> <!-- loginsetup -->
        <test-method status="PASS" signature="test()[pri:0, instance:login.logintest@d8355a8]" name="test" duration-ms="27183" started-at="2019-01-17T12:28:52Z" finished-at="2019-01-17T12:29:19Z">
          <reporter-output>
          </reporter-output>
        </test-method> <!-- test -->
        <test-method status="PASS" signature="aftertest()[pri:0, instance:login.logintest@d8355a8]" name="aftertest" is-config="true" duration-ms="866" started-at="2019-01-17T12:29:19Z" finished-at="2019-01-17T12:29:20Z">
          <reporter-output>
          </reporter-output>
        </test-method> <!-- aftertest -->
      </class> <!-- login.logintest -->
    </test> <!-- Test -->
  </suite> <!-- Suite -->
</testng-results>
