<?xml version="1.0" encoding="UTF-8"?>
<!-- Generated by org.testng.reporters.JUnitXMLReporter -->
<testsuite hostname="INBASDPC06335" ignored="0" name="Test" tests="2" failures="1" timestamp="17 Jan 2019 14:50:05 GMT" time="27.606" errors="0">
  <testcase name="test" time="19.712" classname="login.logintest"/>
  <testcase name="test_UsingHardAssertion" time="0.002" classname="login.failedtest">
    <failure type="java.lang.AssertionError" message="expected [HardAssertion] but found [HardAssert]">
      <![CDATA[java.lang.AssertionError: expected [HardAssertion] but found [HardAssert]
at login.failedtest.test_UsingHardAssertion(failedtest.java:15)
... Removed 31 stack frames]]>
    </failure>
  </testcase> <!-- test_UsingHardAssertion -->
</testsuite> <!-- Test -->
